(Loading /opt/homebrew/Cellar/latexml/0.8.8_3/libexec/lib/perl5/LaTeXML/Package/TeX.pool.ltxml...
(Loading /opt/homebrew/Cellar/latexml/0.8.8_3/libexec/lib/perl5/LaTeXML/Package/eTeX.pool.ltxml... 0.00 sec)
(Loading /opt/homebrew/Cellar/latexml/0.8.8_3/libexec/lib/perl5/LaTeXML/Package/pdfTeX.pool.ltxml... 0.00 sec) 0.07 sec)
latexmlc (LaTeXML version 0.8.8)
invoked as [/opt/homebrew/Cellar/latexml/0.8.8_3/libexec/bin/latexmlc web.tex --dest=web.html]
processing started Mon Feb  9 13:41:45 2026
(Digesting TeX web...
(Processing content /Users/mery/webmery/web.tex...
(Loading /opt/homebrew/Cellar/latexml/0.8.8_3/libexec/lib/perl5/LaTeXML/Package/LaTeX.pool.ltxml...
(Loading /opt/homebrew/Cellar/latexml/0.8.8_3/libexec/lib/perl5/LaTeXML/Package/textcomp.sty.ltxml...
(Processing definitions /usr/local/texlive/2025/texmf-dist/tex/latex/base/ts1enc.dfu... 0.01 sec) 0.42 sec) 0.49 sec)
(Loading /opt/homebrew/Cellar/latexml/0.8.8_3/libexec/lib/perl5/LaTeXML/Package/article.cls.ltxml... 0.00 sec)
Warning:missing_file:dr-bibbib Can't find binding for package dr-bibbib
	at web.tex; line 4 col 11 - line 4 col 11
	Anticipate undefined macros or environments
	search paths are /Users/mery/webmery, /Users/mery/webmery
	In Core::Definition::Constructor[\usepac... /opt/homebrew/Cellar/latexml/0.8.8_3/libexec/lib/perl5/LaTeXML/Package/LaTeX.pool.ltxml; line 879
(Loading /opt/homebrew/Cellar/latexml/0.8.8_3/libexec/lib/perl5/LaTeXML/Package/times.sty.ltxml... 0.00 sec)
(Loading /opt/homebrew/Cellar/latexml/0.8.8_3/libexec/lib/perl5/LaTeXML/Package/vmargin.sty.ltxml... 0.00 sec)
(Loading /opt/homebrew/Cellar/latexml/0.8.8_3/libexec/lib/perl5/LaTeXML/Package/url.sty.ltxml... 0.00 sec)
(Loading /opt/homebrew/Cellar/latexml/0.8.8_3/libexec/lib/perl5/LaTeXML/Package/color.sty.ltxml... 0.00 sec)
Warning:missing_file:time Can't find binding for package time
	at web.tex; line 12 col 10 - line 12 col 10
	Anticipate undefined macros or environments
	In Core::Definition::Constructor[\usepac... /opt/homebrew/Cellar/latexml/0.8.8_3/libexec/lib/perl5/LaTeXML/Package/LaTeX.pool.ltxml; line 879
(Loading /opt/homebrew/Cellar/latexml/0.8.8_3/libexec/lib/perl5/LaTeXML/Package/xcolor.sty.ltxml... 0.02 sec)
(Loading /opt/homebrew/Cellar/latexml/0.8.8_3/libexec/lib/perl5/LaTeXML/Package/cite.sty.ltxml... 0.00 sec)
Warning:missing_file:time Can't find binding for package time
	at web.tex; line 32 col 11 - line 32 col 11
	Anticipate undefined macros or environments
	In Core::Definition::Constructor[\usepac... /opt/homebrew/Cellar/latexml/0.8.8_3/libexec/lib/perl5/LaTeXML/Package/LaTeX.pool.ltxml; line 879
(Loading /opt/homebrew/Cellar/latexml/0.8.8_3/libexec/lib/perl5/LaTeXML/Package/amsmath.sty.ltxml...
(Loading /opt/homebrew/Cellar/latexml/0.8.8_3/libexec/lib/perl5/LaTeXML/Package/amsbsy.sty.ltxml...
(Loading /opt/homebrew/Cellar/latexml/0.8.8_3/libexec/lib/perl5/LaTeXML/Package/amsgen.sty.ltxml... 0.00 sec) 0.00 sec)
(Loading /opt/homebrew/Cellar/latexml/0.8.8_3/libexec/lib/perl5/LaTeXML/Package/amstext.sty.ltxml... 0.00 sec)
(Loading /opt/homebrew/Cellar/latexml/0.8.8_3/libexec/lib/perl5/LaTeXML/Package/amsopn.sty.ltxml... 0.00 sec) 0.02 sec)
(Loading /opt/homebrew/Cellar/latexml/0.8.8_3/libexec/lib/perl5/LaTeXML/Package/amssymb.sty.ltxml...
(Loading /opt/homebrew/Cellar/latexml/0.8.8_3/libexec/lib/perl5/LaTeXML/Package/amsfonts.sty.ltxml... 0.00 sec) 0.01 sec)
(Loading /opt/homebrew/Cellar/latexml/0.8.8_3/libexec/lib/perl5/LaTeXML/Package/algorithmic.sty.ltxml...
(Processing definitions /usr/local/texlive/2025/texmf-dist/tex/latex/algorithms/algorithmic.sty...
Info:misdefined:utf-8 input isn't valid under encoding utf-8
	at algorithmic.sty; line 11 col 0 - line 11 col 0
(Loading /opt/homebrew/Cellar/latexml/0.8.8_3/libexec/lib/perl5/LaTeXML/Package/ifthen.sty.ltxml...
(Processing definitions /usr/local/texlive/2025/texmf-dist/tex/latex/base/ifthen.sty... 0.01 sec) 0.01 sec)
(Loading /opt/homebrew/Cellar/latexml/0.8.8_3/libexec/lib/perl5/LaTeXML/Package/keyval.sty.ltxml...
(Processing definitions /usr/local/texlive/2025/texmf-dist/tex/latex/graphics/keyval.sty... 0.00 sec) 0.00 sec) 0.03 sec) 0.03 sec)
(Loading /opt/homebrew/Cellar/latexml/0.8.8_3/libexec/lib/perl5/LaTeXML/Package/graphicx.sty.ltxml...
(Loading /opt/homebrew/Cellar/latexml/0.8.8_3/libexec/lib/perl5/LaTeXML/Package/graphics.sty.ltxml... 0.00 sec) 0.15 sec)
Warning:missing_file:time Can't find binding for package time
	at web.tex; line 37 col 11 - line 37 col 11
	Anticipate undefined macros or environments
	In Core::Definition::Constructor[\usepac... /opt/homebrew/Cellar/latexml/0.8.8_3/libexec/lib/perl5/LaTeXML/Package/LaTeX.pool.ltxml; line 879
Warning:missing_file:nbcode Can't find binding for package nbcode
	at web.tex; line 37 col 11 - line 37 col 11
	Anticipate undefined macros or environments
	In Core::Definition::Constructor[\usepac... /opt/homebrew/Cellar/latexml/0.8.8_3/libexec/lib/perl5/LaTeXML/Package/LaTeX.pool.ltxml; line 879
Warning:missing_file:version Can't find binding for package version
	at web.tex; line 37 col 11 - line 37 col 11
	Anticipate undefined macros or environments
	In Core::Definition::Constructor[\usepac... /opt/homebrew/Cellar/latexml/0.8.8_3/libexec/lib/perl5/LaTeXML/Package/LaTeX.pool.ltxml; line 879
(Loading /opt/homebrew/Cellar/latexml/0.8.8_3/libexec/lib/perl5/LaTeXML/Package/wrapfig.sty.ltxml... 0.00 sec)
(Loading /opt/homebrew/Cellar/latexml/0.8.8_3/libexec/lib/perl5/LaTeXML/Package/caption.sty.ltxml... 0.00 sec)
(Loading /opt/homebrew/Cellar/latexml/0.8.8_3/libexec/lib/perl5/LaTeXML/Package/bm.sty.ltxml... 0.00 sec)
(Loading /opt/homebrew/Cellar/latexml/0.8.8_3/libexec/lib/perl5/LaTeXML/Package/float.sty.ltxml... 0.00 sec)
(Loading /opt/homebrew/Cellar/latexml/0.8.8_3/libexec/lib/perl5/LaTeXML/Package/enumitem.sty.ltxml... 0.00 sec)
(Loading /opt/homebrew/Cellar/latexml/0.8.8_3/libexec/lib/perl5/LaTeXML/Package/listings.sty.ltxml...
(Processing definitions /usr/local/texlive/2025/texmf-dist/tex/latex/listings/listings.cfg... 0.01 sec) 0.18 sec)
Warning:missing_file:bussproofs Can't find binding for package bussproofs
	at web.tex; line 45 col 11 - line 45 col 11
	Anticipate undefined macros or environments
	In Core::Definition::Constructor[\usepac... /opt/homebrew/Cellar/latexml/0.8.8_3/libexec/lib/perl5/LaTeXML/Package/LaTeX.pool.ltxml; line 879
(Loading /opt/homebrew/Cellar/latexml/0.8.8_3/libexec/lib/perl5/LaTeXML/Package/setspace.sty.ltxml... 0.00 sec)
(Loading /opt/homebrew/Cellar/latexml/0.8.8_3/libexec/lib/perl5/LaTeXML/Package/xspace.sty.ltxml... 0.00 sec)
(Loading /opt/homebrew/Cellar/latexml/0.8.8_3/libexec/lib/perl5/LaTeXML/Package/hyperref.sty.ltxml...
(Loading /opt/homebrew/Cellar/latexml/0.8.8_3/libexec/lib/perl5/LaTeXML/Package/ltxcmds.sty.ltxml...
(Processing definitions /usr/local/texlive/2025/texmf-dist/tex/generic/ltxcmds/ltxcmds.sty... 0.03 sec) 0.03 sec)
(Loading /opt/homebrew/Cellar/latexml/0.8.8_3/libexec/lib/perl5/LaTeXML/Package/kvsetkeys.sty.ltxml...
(Processing definitions /usr/local/texlive/2025/texmf-dist/tex/latex/kvsetkeys/kvsetkeys.sty... 0.02 sec) 0.02 sec)
(Loading /opt/homebrew/Cellar/latexml/0.8.8_3/libexec/lib/perl5/LaTeXML/Package/kvdefinekeys.sty.ltxml...
(Processing definitions /usr/local/texlive/2025/texmf-dist/tex/generic/kvdefinekeys/kvdefinekeys.sty... 0.01 sec) 0.01 sec)
(Loading /opt/homebrew/Cellar/latexml/0.8.8_3/libexec/lib/perl5/LaTeXML/Package/kvoptions.sty.ltxml...
(Processing definitions /usr/local/texlive/2025/texmf-dist/tex/latex/kvoptions/kvoptions.sty... 0.05 sec) 0.05 sec)
(Loading /opt/homebrew/Cellar/latexml/0.8.8_3/libexec/lib/perl5/LaTeXML/Package/nameref.sty.ltxml...
(Loading /opt/homebrew/Cellar/latexml/0.8.8_3/libexec/lib/perl5/LaTeXML/Package/refcount.sty.ltxml...
(Processing definitions /usr/local/texlive/2025/texmf-dist/tex/latex/refcount/refcount.sty...
(Loading /opt/homebrew/Cellar/latexml/0.8.8_3/libexec/lib/perl5/LaTeXML/Package/infwarerr.sty.ltxml...
(Processing definitions /usr/local/texlive/2025/texmf-dist/tex/generic/infwarerr/infwarerr.sty... 0.01 sec) 0.01 sec) 0.04 sec) 0.04 sec)
(Loading /opt/homebrew/Cellar/latexml/0.8.8_3/libexec/lib/perl5/LaTeXML/Package/gettitlestring.sty.ltxml...
(Processing definitions /usr/local/texlive/2025/texmf-dist/tex/generic/gettitlestring/gettitlestring.sty... 0.15 sec) 0.15 sec) 0.20 sec)
(Loading /opt/homebrew/Cellar/latexml/0.8.8_3/libexec/lib/perl5/LaTeXML/Package/bitset.sty.ltxml...
(Processing definitions /usr/local/texlive/2025/texmf-dist/tex/generic/bitset/bitset.sty...
(Loading /opt/homebrew/Cellar/latexml/0.8.8_3/libexec/lib/perl5/LaTeXML/Package/intcalc.sty.ltxml...
(Processing definitions /usr/local/texlive/2025/texmf-dist/tex/generic/intcalc/intcalc.sty... 0.02 sec) 0.02 sec)
(Loading /opt/homebrew/Cellar/latexml/0.8.8_3/libexec/lib/perl5/LaTeXML/Package/bigintcalc.sty.ltxml...
(Processing definitions /usr/local/texlive/2025/texmf-dist/tex/generic/bigintcalc/bigintcalc.sty...
(Loading /opt/homebrew/Cellar/latexml/0.8.8_3/libexec/lib/perl5/LaTeXML/Package/pdftexcmds.sty.ltxml...
(Loading /opt/homebrew/Cellar/latexml/0.8.8_3/libexec/lib/perl5/LaTeXML/Package/iftex.sty.ltxml... 0.00 sec) 0.00 sec) 0.06 sec) 0.06 sec) 0.13 sec) 0.13 sec) 0.46 sec)
(Processing content /Users/mery/webmery/prelude.tex...
Warning:missing_file:mathpartir Can't find binding for package mathpartir
	at prelude.tex; line 9 col 11 - line 9 col 11
	Anticipate undefined macros or environments
	In Core::Definition::Constructor[\usepac... /opt/homebrew/Cellar/latexml/0.8.8_3/libexec/lib/perl5/LaTeXML/Package/LaTeX.pool.ltxml; line 879
(Loading /opt/homebrew/Cellar/latexml/0.8.8_3/libexec/lib/perl5/LaTeXML/Package/amsthm.sty.ltxml... 0.00 sec)
(Loading /opt/homebrew/Cellar/latexml/0.8.8_3/libexec/lib/perl5/LaTeXML/Package/rotating.sty.ltxml... 0.01 sec)
Warning:missing_file:blox Can't find binding for package blox
	at prelude.tex; line 12 col 11 - line 12 col 11
	Anticipate undefined macros or environments
	In Core::Definition::Constructor[\usepac... /opt/homebrew/Cellar/latexml/0.8.8_3/libexec/lib/perl5/LaTeXML/Package/LaTeX.pool.ltxml; line 879
Info:dependencies:dependencies Loading dependencies for /usr/local/texlive/2025/texmf-dist/tex/latex/blox/blox.sty: tikz,pgffor
	at prelude.tex; line 12 col 11 - line 12 col 11
(Loading /opt/homebrew/Cellar/latexml/0.8.8_3/libexec/lib/perl5/LaTeXML/Package/tikz.sty.ltxml...
(Processing definitions /usr/local/texlive/2025/texmf-dist/tex/latex/pgf/frontendlayer/tikz.sty...
(Loading /opt/homebrew/Cellar/latexml/0.8.8_3/libexec/lib/perl5/LaTeXML/Package/pgf.sty.ltxml...
(Processing definitions /usr/local/texlive/2025/texmf-dist/tex/latex/pgf/basiclayer/pgf.sty...
(Processing definitions /usr/local/texlive/2025/texmf-dist/tex/latex/pgf/utilities/pgfrcs.sty...
(Loading /opt/homebrew/Cellar/latexml/0.8.8_3/libexec/lib/perl5/LaTeXML/Package/pgfutil-common.tex.ltxml...
(Processing definitions /usr/local/texlive/2025/texmf-dist/tex/generic/pgf/utilities/pgfutil-common.tex... 0.03 sec) 0.03 sec)
Warning:perl:warn Unsuccessful stat on filename containing newline
	at pgfrcs.sty; line 11 col 0 - line 11 col 25
	at /opt/homebrew/Cellar/latexml/0.8.8_3/libexec/lib/perl5/LaTeXML/Package.pm line 2060
	In Core::Definition::Expandable[\input T... /opt/homebrew/Cellar/latexml/0.8.8_3/libexec/lib/perl5/LaTeXML/Package/TeX.pool.ltxml; line 1025
(Processing definitions /usr/local/texlive/2025/texmf-dist/tex/generic/pgf/utilities/pgfutil-latex.def...
(Processing definitions /usr/local/texlive/2025/texmf-dist/tex/latex/everyshi/everyshi.sty...
Warning:perl:warn Unsuccessful stat on filename containing newline
	at everyshi.sty; line 48 col 0 - line 48 col 65
	at /opt/homebrew/Cellar/latexml/0.8.8_3/libexec/lib/perl5/LaTeXML/Package.pm line 2060
	In Core::Definition::Primitive[\ltx@inpu... /opt/homebrew/Cellar/latexml/0.8.8_3/libexec/lib/perl5/LaTeXML/Package/LaTeX.pool.ltxml; line 4390
(Processing definitions /usr/local/texlive/2025/texmf-dist/tex/latex/everyshi/everyshi-2001-05-15.sty... 0.00 sec) 0.07 sec) 0.08 sec)
(Processing definitions /usr/local/texlive/2025/texmf-dist/tex/generic/pgf/utilities/pgfrcs.code.tex...
(Processing definitions /usr/local/texlive/2025/texmf-dist/tex/generic/pgf/pgf.revision.tex... 0.00 sec) 0.01 sec) 0.19 sec)
(Processing definitions /usr/local/texlive/2025/texmf-dist/tex/latex/pgf/basiclayer/pgfcore.sty...
(Processing definitions /usr/local/texlive/2025/texmf-dist/tex/latex/pgf/systemlayer/pgfsys.sty...
(Processing definitions /usr/local/texlive/2025/texmf-dist/tex/generic/pgf/systemlayer/pgfsys.code.tex...
(Loading /opt/homebrew/Cellar/latexml/0.8.8_3/libexec/lib/perl5/LaTeXML/Package/pgfkeys.code.tex.ltxml...
(Processing definitions /usr/local/texlive/2025/texmf-dist/tex/generic/pgf/utilities/pgfkeys.code.tex...
(Processing definitions /usr/local/texlive/2025/texmf-dist/tex/generic/pgf/utilities/pgfkeyslibraryfiltered.code.tex... 0.11 sec) 0.30 sec) 0.30 sec)
Warning:perl:warn Unsuccessful stat on filename containing newline
	at pgfsys.code.tex; line 1753 col 0 - line 1753 col 15
	at /opt/homebrew/Cellar/latexml/0.8.8_3/libexec/lib/perl5/LaTeXML/Package.pm line 2060
	In Core::Definition::Expandable[\input T... /opt/homebrew/Cellar/latexml/0.8.8_3/libexec/lib/perl5/LaTeXML/Package/TeX.pool.ltxml; line 1025
(Processing definitions /usr/local/texlive/2025/texmf-dist/tex/generic/pgf/systemlayer/pgf.cfg... 0.00 sec)
Driver file for pgf: pgfsys-latexml.def
Warning:perl:warn Unsuccessful stat on filename containing newline
	at pgfsys.code.tex; line 1757 col 0 - line 1757 col 54
	at /opt/homebrew/Cellar/latexml/0.8.8_3/libexec/lib/perl5/LaTeXML/Package.pm line 2060
	In Core::Definition::Primitive[\openin N... /opt/homebrew/Cellar/latexml/0.8.8_3/libexec/lib/perl5/LaTeXML/Package/TeX.pool.ltxml; line 2555
Warning:perl:warn Unsuccessful stat on filename containing newline
	at pgfsys.code.tex; line 1757 col 0 - line 1757 col 54
	at /opt/homebrew/Cellar/latexml/0.8.8_3/libexec/lib/perl5/LaTeXML/Package.pm line 2060
	In Core::Definition::Expandable[\input T... /opt/homebrew/Cellar/latexml/0.8.8_3/libexec/lib/perl5/LaTeXML/Package/TeX.pool.ltxml; line 1025
(Loading /opt/homebrew/Cellar/latexml/0.8.8_3/libexec/lib/perl5/LaTeXML/Package/pgfsys-latexml.def.ltxml... 0.01 sec) 0.56 sec)
(Processing definitions /usr/local/texlive/2025/texmf-dist/tex/generic/pgf/systemlayer/pgfsyssoftpath.code.tex... 0.01 sec)
(Processing definitions /usr/local/texlive/2025/texmf-dist/tex/generic/pgf/systemlayer/pgfsysprotocol.code.tex... 0.00 sec) 0.58 sec)
(Processing definitions /usr/local/texlive/2025/texmf-dist/tex/generic/pgf/basiclayer/pgfcore.code.tex...
(Loading /opt/homebrew/Cellar/latexml/0.8.8_3/libexec/lib/perl5/LaTeXML/Package/pgfmath.code.tex.ltxml...
(Processing definitions /usr/local/texlive/2025/texmf-dist/tex/generic/pgf/math/pgfmath.code.tex...
(Processing definitions /usr/local/texlive/2025/texmf-dist/tex/generic/pgf/math/pgfmathutil.code.tex... 0.02 sec)
(Processing definitions /usr/local/texlive/2025/texmf-dist/tex/generic/pgf/math/pgfmathparser.code.tex... 0.07 sec)
(Processing definitions /usr/local/texlive/2025/texmf-dist/tex/generic/pgf/math/pgfmathfunctions.code.tex... 0.04 sec)
(Processing definitions /usr/local/texlive/2025/texmf-dist/tex/generic/pgf/math/pgfmathfunctions.basic.code.tex... 0.08 sec)
(Processing definitions /usr/local/texlive/2025/texmf-dist/tex/generic/pgf/math/pgfmathfunctions.trigonometric.code.tex... 0.31 sec)
(Processing definitions /usr/local/texlive/2025/texmf-dist/tex/generic/pgf/math/pgfmathfunctions.random.code.tex... 0.01 sec)
(Processing definitions /usr/local/texlive/2025/texmf-dist/tex/generic/pgf/math/pgfmathfunctions.comparison.code.tex... 0.06 sec)
(Processing definitions /usr/local/texlive/2025/texmf-dist/tex/generic/pgf/math/pgfmathfunctions.base.code.tex... 0.03 sec)
(Processing definitions /usr/local/texlive/2025/texmf-dist/tex/generic/pgf/math/pgfmathfunctions.round.code.tex... 0.01 sec)
(Processing definitions /usr/local/texlive/2025/texmf-dist/tex/generic/pgf/math/pgfmathfunctions.misc.code.tex... 0.04 sec)
(Processing definitions /usr/local/texlive/2025/texmf-dist/tex/generic/pgf/math/pgfmathfunctions.integerarithmetics.code.tex... 0.01 sec)
(Loading /opt/homebrew/Cellar/latexml/0.8.8_3/libexec/lib/perl5/LaTeXML/Package/pgfmathcalc.code.tex.ltxml...
(Processing definitions /usr/local/texlive/2025/texmf-dist/tex/generic/pgf/math/pgfmathcalc.code.tex... 0.01 sec) 0.01 sec)
(Processing definitions /usr/local/texlive/2025/texmf-dist/tex/generic/pgf/math/pgfmathfloat.code.tex... 0.43 sec) 1.15 sec) 1.16 sec)
(Processing definitions /usr/local/texlive/2025/texmf-dist/tex/generic/pgf/math/pgfint.code.tex... 0.00 sec)
(Processing definitions /usr/local/texlive/2025/texmf-dist/tex/generic/pgf/basiclayer/pgfcorepoints.code.tex... 0.04 sec)
(Processing definitions /usr/local/texlive/2025/texmf-dist/tex/generic/pgf/basiclayer/pgfcorepathconstruct.code.tex... 0.04 sec)
(Processing definitions /usr/local/texlive/2025/texmf-dist/tex/generic/pgf/basiclayer/pgfcorepathusage.code.tex... 0.07 sec)
(Processing definitions /usr/local/texlive/2025/texmf-dist/tex/generic/pgf/basiclayer/pgfcorescopes.code.tex... 0.07 sec)
(Processing definitions /usr/local/texlive/2025/texmf-dist/tex/generic/pgf/basiclayer/pgfcoregraphicstate.code.tex... 0.01 sec)
(Processing definitions /usr/local/texlive/2025/texmf-dist/tex/generic/pgf/basiclayer/pgfcoretransformations.code.tex... 0.02 sec)
(Processing definitions /usr/local/texlive/2025/texmf-dist/tex/generic/pgf/basiclayer/pgfcorequick.code.tex... 0.00 sec)
(Processing definitions /usr/local/texlive/2025/texmf-dist/tex/generic/pgf/basiclayer/pgfcoreobjects.code.tex... 0.00 sec)
(Processing definitions /usr/local/texlive/2025/texmf-dist/tex/generic/pgf/basiclayer/pgfcorepathprocessing.code.tex... 0.02 sec)
(Processing definitions /usr/local/texlive/2025/texmf-dist/tex/generic/pgf/basiclayer/pgfcorearrows.code.tex... 0.48 sec)
(Processing definitions /usr/local/texlive/2025/texmf-dist/tex/generic/pgf/basiclayer/pgfcoreshade.code.tex... 0.03 sec)
(Processing definitions /usr/local/texlive/2025/texmf-dist/tex/generic/pgf/basiclayer/pgfcoreimage.code.tex... 0.05 sec)
(Processing definitions /usr/local/texlive/2025/texmf-dist/tex/generic/pgf/basiclayer/pgfcoreexternal.code.tex... 0.04 sec)
(Processing definitions /usr/local/texlive/2025/texmf-dist/tex/generic/pgf/basiclayer/pgfcorelayers.code.tex... 0.01 sec)
(Processing definitions /usr/local/texlive/2025/texmf-dist/tex/generic/pgf/basiclayer/pgfcoretransparency.code.tex... 0.03 sec)
(Processing definitions /usr/local/texlive/2025/texmf-dist/tex/generic/pgf/basiclayer/pgfcorepatterns.code.tex... 0.01 sec)
(Processing definitions /usr/local/texlive/2025/texmf-dist/tex/generic/pgf/basiclayer/pgfcorerdf.code.tex... 0.00 sec) 2.09 sec) 2.68 sec)
(Processing definitions /usr/local/texlive/2025/texmf-dist/tex/generic/pgf/modules/pgfmoduleshapes.code.tex... 0.09 sec)
(Processing definitions /usr/local/texlive/2025/texmf-dist/tex/generic/pgf/modules/pgfmoduleplot.code.tex... 0.10 sec)
(Processing definitions /usr/local/texlive/2025/texmf-dist/tex/latex/pgf/compatibility/pgfcomp-version-0-65.sty... 0.08 sec)
(Processing definitions /usr/local/texlive/2025/texmf-dist/tex/latex/pgf/compatibility/pgfcomp-version-1-18.sty... 0.00 sec) 3.16 sec) 3.16 sec)
(Processing definitions /usr/local/texlive/2025/texmf-dist/tex/latex/pgf/utilities/pgffor.sty...
(Processing definitions /usr/local/texlive/2025/texmf-dist/tex/latex/pgf/utilities/pgfkeys.sty... 0.00 sec)
(Processing definitions /usr/local/texlive/2025/texmf-dist/tex/latex/pgf/math/pgfmath.sty... 0.01 sec)
(Processing definitions /usr/local/texlive/2025/texmf-dist/tex/generic/pgf/utilities/pgffor.code.tex... 0.07 sec) 0.08 sec)
(Processing definitions /usr/local/texlive/2025/texmf-dist/tex/generic/pgf/frontendlayer/tikz/tikz.code.tex...
(Processing definitions /usr/local/texlive/2025/texmf-dist/tex/generic/pgf/libraries/pgflibraryplothandlers.code.tex... 0.05 sec)
(Processing definitions /usr/local/texlive/2025/texmf-dist/tex/generic/pgf/modules/pgfmodulematrix.code.tex... 0.02 sec)
(Processing definitions /usr/local/texlive/2025/texmf-dist/tex/generic/pgf/frontendlayer/tikz/libraries/tikzlibrarytopaths.code.tex... 0.07 sec) 1.28 sec) 4.53 sec) 4.53 sec)
Warning:missing_file:eventblst Can't find binding for package eventblst
	at prelude.tex; line 14 col 11 - line 14 col 11
	Anticipate undefined macros or environments
	In Core::Definition::Constructor[\usepac... /opt/homebrew/Cellar/latexml/0.8.8_3/libexec/lib/perl5/LaTeXML/Package/LaTeX.pool.ltxml; line 879
Info:dependencies:dependencies Loading dependencies for /Users/mery/webmery/eventblst.sty: bsymb
	at prelude.tex; line 14 col 11 - line 14 col 11
Warning:missing_file:dafny Can't find binding for package dafny
	at prelude.tex; line 16 col 0 - line 16 col 1
	Anticipate undefined macros or environments
	In Core::Definition::Constructor[\usepac... /opt/homebrew/Cellar/latexml/0.8.8_3/libexec/lib/perl5/LaTeXML/Package/LaTeX.pool.ltxml; line 879
Warning:missing_file:outlines Can't find binding for package outlines
	at prelude.tex; line 57 col 0 - line 57 col 1
	Anticipate undefined macros or environments
	In Core::Definition::Constructor[\usepac... /opt/homebrew/Cellar/latexml/0.8.8_3/libexec/lib/perl5/LaTeXML/Package/LaTeX.pool.ltxml; line 879
(Loading /opt/homebrew/Cellar/latexml/0.8.8_3/libexec/lib/perl5/LaTeXML/Package/ulem.sty.ltxml... 0.00 sec) 5.04 sec)
(Processing content /Users/mery/webmery/eb2latex.tex... 0.00 sec)
Info:unexpected:options Unused global options: 12pt
	at web.tex; line 87 col 0 - line 87 col 16
ABD: EveryShipout initializing macros
Error:undefined:\@starttoc The token T_CS[\@starttoc] is not defined.
	at web.tex; line 107 col 0 - line 107 col 18
	Defining it now as <ltx:ERROR/>
	Next token is T_BEGIN[{] ( == T_BEGIN[{]) more: toc}
	In Core::Gullet[@0x10621df30] /Users/mery/webmery/web.tex; from line 107 col 0 to line 107 col 18
	 <= Core::Stomach[@0x1062145d8] <= Core::Definition::Constructor[\begin{... <= Core::Stomach[@0x1062145d8] <= ...
Error:undefined:\now The token T_CS[\now] is not defined.
	at web.tex; line 109 col 20 - line 109 col 20
	Defining it now as <ltx:ERROR/>
	Next token is T_LETTER[o] ( == T_LETTER[o])
	In Core::Gullet[@0x10621df30] /Users/mery/webmery/web.tex; from line 109 col 22 to line 109 col 22
	 <= Core::Stomach[@0x1062145d8] <= Core::Definition::Primitive[Begin] <= Core::Stomach[@0x1062145d8] <= ...
(Processing content /Users/mery/webmery/phdlist.tex... 0.07 sec)
(Processing content /Users/mery/webmery/pub-gen.bbl...
Error:undefined:\bibAAname The token T_CS[\bibAAname] is not defined.
	at pub-gen.bbl; line 1 col 39 - line 1 col 39
	Defining it now as <ltx:ERROR/>
	Next token is T_OTHER[]] ( == T_OTHER[]])
	In Core::Gullet[@0x10621df30] /Users/mery/webmery/pub-gen.bbl; from line 1 col 0 to line 1 col 40
	 <= Core::Stomach[@0x1062145d8] <= ...
Error:undefined:\c@multbib The token T_CS[\c@multbib] is not defined.
	at pub-gen.bbl; line 2 col 35 - line 2 col 35
	Defining it now as <ltx:ERROR/>
	Input is empty
	In Core::Gullet[@0x10621df30] /Users/mery/webmery/pub-gen.bbl; from line 2 col 35 to line 2 col 35
	 <= Core::Definition::Primitive[\setcount... <= Core::Stomach[@0x1062145d8] <= ...
Warning:expected:<number> Missing number, treated as zero
	at pub-gen.bbl; line 2 col 35 - line 2 col 35
	while processing \setcounter
	Next token is T_CS[\c@multbib] ( == Core::Definition::Constructor[\c@multbib])
	In Core::Gullet[@0x10621df30] /Users/mery/webmery/pub-gen.bbl; from line 2 col 35 to line 2 col 35
Error:undefined:\originalbibitem The token T_CS[\originalbibitem] is not defined.
	at pub-gen.bbl; line 5 col 16 - line 5 col 16
	Defining it now as <ltx:ERROR/>
	Next token is T_BEGIN[{] ( == T_BEGIN[{])
	In Core::Gullet[@0x10621df30] /Users/mery/webmery/pub-gen.bbl; from line 5 col 17 to line 5 col 17
	 <= Core::Stomach[@0x1062145d8] <= ...
Warning:expected:register The control sequence \c@multbib is not a register
	at pub-gen.bbl; line 180 col 0 - line 180 col 35
	In Core::Definition::Primitive[\setcount... /opt/homebrew/Cellar/latexml/0.8.8_3/libexec/lib/perl5/LaTeXML/Package/LaTeX.pool.ltxml; line 3173
Error:undefined:\bibBBname The token T_CS[\bibBBname] is not defined.
	at pub-gen.bbl; line 181 col 39 - line 181 col 39
	Defining it now as <ltx:ERROR/>
	Next token is T_OTHER[]] ( == T_OTHER[]])
	In Core::Gullet[@0x10621df30] /Users/mery/webmery/pub-gen.bbl; from line 181 col 0 to line 181 col 40
	 <= Core::Stomach[@0x1062145d8] <= ...
Warning:expected:<number> Missing number, treated as zero
	at pub-gen.bbl; line 182 col 35 - line 182 col 35
	while processing \setcounter
	Next token is T_CS[\c@multbib] ( == Core::Definition::Constructor[\c@multbib])
	In Core::Gullet[@0x10621df30] /Users/mery/webmery/pub-gen.bbl; from line 182 col 35 to line 182 col 35
Warning:expected:register The control sequence \c@multbib is not a register
	at pub-gen.bbl; line 202 col 0 - line 202 col 35
	In Core::Definition::Primitive[\setcount... /opt/homebrew/Cellar/latexml/0.8.8_3/libexec/lib/perl5/LaTeXML/Package/LaTeX.pool.ltxml; line 3173
Error:undefined:\bibCCname The token T_CS[\bibCCname] is not defined.
	at pub-gen.bbl; line 203 col 39 - line 203 col 39
	Defining it now as <ltx:ERROR/>
	Next token is T_OTHER[]] ( == T_OTHER[]])
	In Core::Gullet[@0x10621df30] /Users/mery/webmery/pub-gen.bbl; from line 203 col 0 to line 203 col 40
	 <= Core::Stomach[@0x1062145d8] <= ...
Warning:expected:<number> Missing number, treated as zero
	at pub-gen.bbl; line 204 col 35 - line 204 col 35
	while processing \setcounter
	Next token is T_CS[\c@multbib] ( == Core::Definition::Constructor[\c@multbib])
	In Core::Gullet[@0x10621df30] /Users/mery/webmery/pub-gen.bbl; from line 204 col 35 to line 204 col 35
Error:unexpected:_ Script _ can only appear in math mode
	at pub-gen.bbl; line 335 col 22 - line 335 col 22
	In Core::Definition::Primitive[Subscript] /opt/homebrew/Cellar/latexml/0.8.8_3/libexec/lib/perl5/LaTeXML/Package/TeX.pool.ltxml; line 4440
	 <= Core::Stomach[@0x1062145d8] <= Core::Definition::Primitive[Begin] <= Core::Stomach[@0x1062145d8] <= ...
Error:unexpected:_ Script _ can only appear in math mode
	at pub-gen.bbl; line 335 col 25 - line 335 col 25
	In Core::Definition::Primitive[Subscript] /opt/homebrew/Cellar/latexml/0.8.8_3/libexec/lib/perl5/LaTeXML/Package/TeX.pool.ltxml; line 4440
	 <= Core::Stomach[@0x1062145d8] <= Core::Definition::Primitive[Begin] <= Core::Stomach[@0x1062145d8] <= ...
Warning:expected:register The control sequence \c@multbib is not a register
	at pub-gen.bbl; line 424 col 0 - line 424 col 35
	In Core::Definition::Primitive[\setcount... /opt/homebrew/Cellar/latexml/0.8.8_3/libexec/lib/perl5/LaTeXML/Package/LaTeX.pool.ltxml; line 3173
Error:undefined:\bibCCFname The token T_CS[\bibCCFname] is not defined.
	at pub-gen.bbl; line 425 col 40 - line 425 col 40
	Defining it now as <ltx:ERROR/>
	Next token is T_OTHER[]] ( == T_OTHER[]])
	In Core::Gullet[@0x10621df30] /Users/mery/webmery/pub-gen.bbl; from line 425 col 0 to line 425 col 41
	 <= Core::Stomach[@0x1062145d8] <= ...
Warning:expected:<number> Missing number, treated as zero
	at pub-gen.bbl; line 426 col 35 - line 426 col 35
	while processing \setcounter
	Next token is T_CS[\c@multbib] ( == Core::Definition::Constructor[\c@multbib])
	In Core::Gullet[@0x10621df30] /Users/mery/webmery/pub-gen.bbl; from line 426 col 35 to line 426 col 35
Warning:expected:register The control sequence \c@multbib is not a register
	at pub-gen.bbl; line 450 col 0 - line 450 col 35
	In Core::Definition::Primitive[\setcount... /opt/homebrew/Cellar/latexml/0.8.8_3/libexec/lib/perl5/LaTeXML/Package/LaTeX.pool.ltxml; line 3173
Error:undefined:\bibCCIname The token T_CS[\bibCCIname] is not defined.
	at pub-gen.bbl; line 451 col 40 - line 451 col 40
	Defining it now as <ltx:ERROR/>
	Next token is T_OTHER[]] ( == T_OTHER[]])
	In Core::Gullet[@0x10621df30] /Users/mery/webmery/pub-gen.bbl; from line 451 col 0 to line 451 col 41
	 <= Core::Stomach[@0x1062145d8] <= ...
Warning:expected:<number> Missing number, treated as zero
	at pub-gen.bbl; line 452 col 35 - line 452 col 35
	while processing \setcounter
	Next token is T_CS[\c@multbib] ( == Core::Definition::Constructor[\c@multbib])
	In Core::Gullet[@0x10621df30] /Users/mery/webmery/pub-gen.bbl; from line 452 col 35 to line 452 col 35
Warning:expected:register The control sequence \c@multbib is not a register
	at pub-gen.bbl; line 528 col 0 - line 528 col 35
	In Core::Definition::Primitive[\setcount... /opt/homebrew/Cellar/latexml/0.8.8_3/libexec/lib/perl5/LaTeXML/Package/LaTeX.pool.ltxml; line 3173
Error:undefined:\bibCCJname The token T_CS[\bibCCJname] is not defined.
	at pub-gen.bbl; line 529 col 40 - line 529 col 40
	Defining it now as <ltx:ERROR/>
	Next token is T_OTHER[]] ( == T_OTHER[]])
	In Core::Gullet[@0x10621df30] /Users/mery/webmery/pub-gen.bbl; from line 529 col 0 to line 529 col 41
	 <= Core::Stomach[@0x1062145d8] <= ...
Warning:expected:<number> Missing number, treated as zero
	at pub-gen.bbl; line 530 col 35 - line 530 col 35
	while processing \setcounter
	Next token is T_CS[\c@multbib] ( == Core::Definition::Constructor[\c@multbib])
	In Core::Gullet[@0x10621df30] /Users/mery/webmery/pub-gen.bbl; from line 530 col 35 to line 530 col 35
Warning:expected:register The control sequence \c@multbib is not a register
	at pub-gen.bbl; line 607 col 0 - line 607 col 35
	In Core::Definition::Primitive[\setcount... /opt/homebrew/Cellar/latexml/0.8.8_3/libexec/lib/perl5/LaTeXML/Package/LaTeX.pool.ltxml; line 3173
Error:undefined:\bibDDname The token T_CS[\bibDDname] is not defined.
	at pub-gen.bbl; line 608 col 39 - line 608 col 39
	Defining it now as <ltx:ERROR/>
	Next token is T_OTHER[]] ( == T_OTHER[]])
	In Core::Gullet[@0x10621df30] /Users/mery/webmery/pub-gen.bbl; from line 608 col 0 to line 608 col 40
	 <= Core::Stomach[@0x1062145d8] <= ...
Warning:expected:<number> Missing number, treated as zero
	at pub-gen.bbl; line 609 col 35 - line 609 col 35
	while processing \setcounter
	Next token is T_CS[\c@multbib] ( == Core::Definition::Constructor[\c@multbib])
	In Core::Gullet[@0x10621df30] /Users/mery/webmery/pub-gen.bbl; from line 609 col 35 to line 609 col 35
Warning:expected:register The control sequence \c@multbib is not a register
	at pub-gen.bbl; line 1335 col 0 - line 1335 col 35
	In Core::Definition::Primitive[\setcount... /opt/homebrew/Cellar/latexml/0.8.8_3/libexec/lib/perl5/LaTeXML/Package/LaTeX.pool.ltxml; line 3173
Error:undefined:\bibDDDname The token T_CS[\bibDDDname] is not defined.
	at pub-gen.bbl; line 1336 col 40 - line 1336 col 40
	Defining it now as <ltx:ERROR/>
	Next token is T_OTHER[]] ( == T_OTHER[]])
	In Core::Gullet[@0x10621df30] /Users/mery/webmery/pub-gen.bbl; from line 1336 col 0 to line 1336 col 41
	 <= Core::Stomach[@0x1062145d8] <= ...
Warning:expected:<number> Missing number, treated as zero
	at pub-gen.bbl; line 1337 col 35 - line 1337 col 35
	while processing \setcounter
	Next token is T_CS[\c@multbib] ( == Core::Definition::Constructor[\c@multbib])
	In Core::Gullet[@0x10621df30] /Users/mery/webmery/pub-gen.bbl; from line 1337 col 35 to line 1337 col 35
Warning:expected:register The control sequence \c@multbib is not a register
	at pub-gen.bbl; line 1599 col 0 - line 1599 col 35
	In Core::Definition::Primitive[\setcount... /opt/homebrew/Cellar/latexml/0.8.8_3/libexec/lib/perl5/LaTeXML/Package/LaTeX.pool.ltxml; line 3173
Error:undefined:\bibGGname The token T_CS[\bibGGname] is not defined.
	at pub-gen.bbl; line 1600 col 39 - line 1600 col 39
	Defining it now as <ltx:ERROR/>
	Next token is T_OTHER[]] ( == T_OTHER[]])
	In Core::Gullet[@0x10621df30] /Users/mery/webmery/pub-gen.bbl; from line 1600 col 0 to line 1600 col 40
	 <= Core::Stomach[@0x1062145d8] <= ...
Warning:expected:<number> Missing number, treated as zero
	at pub-gen.bbl; line 1601 col 35 - line 1601 col 35
	while processing \setcounter
	Next token is T_CS[\c@multbib] ( == Core::Definition::Constructor[\c@multbib])
	In Core::Gullet[@0x10621df30] /Users/mery/webmery/pub-gen.bbl; from line 1601 col 35 to line 1601 col 35
Warning:expected:register The control sequence \c@multbib is not a register
	at pub-gen.bbl; line 1759 col 0 - line 1759 col 35
	In Core::Definition::Primitive[\setcount... /opt/homebrew/Cellar/latexml/0.8.8_3/libexec/lib/perl5/LaTeXML/Package/LaTeX.pool.ltxml; line 3173
Error:undefined:\bibHHname The token T_CS[\bibHHname] is not defined.
	at pub-gen.bbl; line 1760 col 39 - line 1760 col 39
	Defining it now as <ltx:ERROR/>
	Next token is T_OTHER[]] ( == T_OTHER[]])
	In Core::Gullet[@0x10621df30] /Users/mery/webmery/pub-gen.bbl; from line 1760 col 0 to line 1760 col 40
	 <= Core::Stomach[@0x1062145d8] <= ...
Warning:expected:<number> Missing number, treated as zero
	at pub-gen.bbl; line 1761 col 35 - line 1761 col 35
	while processing \setcounter
	Next token is T_CS[\c@multbib] ( == Core::Definition::Constructor[\c@multbib])
	In Core::Gullet[@0x10621df30] /Users/mery/webmery/pub-gen.bbl; from line 1761 col 35 to line 1761 col 35
Warning:expected:register The control sequence \c@multbib is not a register
	at pub-gen.bbl; line 1781 col 0 - line 1781 col 35
	In Core::Definition::Primitive[\setcount... /opt/homebrew/Cellar/latexml/0.8.8_3/libexec/lib/perl5/LaTeXML/Package/LaTeX.pool.ltxml; line 3173
Error:undefined:\bibIICname The token T_CS[\bibIICname] is not defined.
	at pub-gen.bbl; line 1782 col 40 - line 1782 col 40
	Defining it now as <ltx:ERROR/>
	Next token is T_OTHER[]] ( == T_OTHER[]])
	In Core::Gullet[@0x10621df30] /Users/mery/webmery/pub-gen.bbl; from line 1782 col 0 to line 1782 col 41
	 <= Core::Stomach[@0x1062145d8] <= ...
Warning:expected:<number> Missing number, treated as zero
	at pub-gen.bbl; line 1783 col 35 - line 1783 col 35
	while processing \setcounter
	Next token is T_CS[\c@multbib] ( == Core::Definition::Constructor[\c@multbib])
	In Core::Gullet[@0x10621df30] /Users/mery/webmery/pub-gen.bbl; from line 1783 col 35 to line 1783 col 35
Warning:expected:register The control sequence \c@multbib is not a register
	at pub-gen.bbl; line 1848 col 0 - line 1848 col 35
	In Core::Definition::Primitive[\setcount... /opt/homebrew/Cellar/latexml/0.8.8_3/libexec/lib/perl5/LaTeXML/Package/LaTeX.pool.ltxml; line 3173
Error:undefined:\bibKKname The token T_CS[\bibKKname] is not defined.
	at pub-gen.bbl; line 1849 col 39 - line 1849 col 39
	Defining it now as <ltx:ERROR/>
	Next token is T_OTHER[]] ( == T_OTHER[]])
	In Core::Gullet[@0x10621df30] /Users/mery/webmery/pub-gen.bbl; from line 1849 col 0 to line 1849 col 40
	 <= Core::Stomach[@0x1062145d8] <= ...
Warning:expected:<number> Missing number, treated as zero
	at pub-gen.bbl; line 1850 col 35 - line 1850 col 35
	while processing \setcounter
	Next token is T_CS[\c@multbib] ( == Core::Definition::Constructor[\c@multbib])
	In Core::Gullet[@0x10621df30] /Users/mery/webmery/pub-gen.bbl; from line 1850 col 35 to line 1850 col 35
Warning:expected:register The control sequence \c@multbib is not a register
	at pub-gen.bbl; line 1870 col 0 - line 1870 col 35
	In Core::Definition::Primitive[\setcount... /opt/homebrew/Cellar/latexml/0.8.8_3/libexec/lib/perl5/LaTeXML/Package/LaTeX.pool.ltxml; line 3173
 1.47 sec) 8.98 sec) 8.99 sec)
(Building...
(Loading compiled schema /opt/homebrew/Cellar/latexml/0.8.8_3/libexec/lib/perl5/LaTeXML/resources/RelaxNG/LaTeXML.model... 0.00 sec) 1.29 sec)
(Rewriting... 0.00 sec)
(Math Parsing 5 formulae ...... 0.00 sec)
Math parsing succeeded:
   ltx:XMath: 5/5
Symbols assumed as simple identifiers (with # of occurences):
   'N{caligraphic}' (2), 'N{italic}' (1), 'U{caligraphic}' (2), 'U{italic}' (1), 'delta' (1)
Set MATHPARSER_SPECULATE to speculate on possible notations.
(Finalizing... 0.11 sec)
Conversion complete: 41 warnings; 18 errors; 16 undefined macros[\c@multbib, \bibCCname, \bibDDDname, \bibGGname, \bibDDname, \bibCCJname, \bibCCIname, \bibHHname, \bibBBname, \now, \originalbibitem, \@starttoc, \bibAAname, \bibCCFname, \bibKKname, \bibIICname]; 10 missing files[outlines.sty, bussproofs.sty, mathpartir.sty, version.sty, dr-bibbib.sty, nbcode.sty, blox.sty, time.sty, eventblst.sty, dafny.sty] (See /Users/mery/webmery/web.latexml.log)
(post-processing...
(Scan web.html processing...
Scan: DBStatus: 474/0 objects
 0.03 sec)
(MakeBibliography web.html 12 to process... 0.00 sec)
(CrossRef web.html processing...
Warning:expected:ids Missing Entry for citation: mery:inria-00638473,DBLP:journals/corr/abs-1805-04636,mery:inria-00638478
	In Post::CrossRef[@0x1190f4648] ->process
 0.01 sec)
(Graphics web.html processing... 0.03 sec)
(MathML::Presentation web.html 5 to process...
converted 5 Maths
 0.00 sec)
(XSLT[using LaTeXML-html5.xsl] web.html processing... 0.07 sec)
(Writer web.html processing... 0.01 sec) 0.15 sec)
Post-processing complete: 1 warning (See /Users/mery/webmery/web.latexml.log)
processing finished Mon Feb  9 13:41:55 2026
Status:conversion:2
